2025-02-19 16:19:46,562:WARNING:
'cuml' is a soft dependency and not included in the pycaret installation. Please run: `pip install cuml` to install.
2025-02-19 16:19:46,562:WARNING:
'cuml' is a soft dependency and not included in the pycaret installation. Please run: `pip install cuml` to install.
2025-02-19 16:19:46,562:WARNING:
'cuml' is a soft dependency and not included in the pycaret installation. Please run: `pip install cuml` to install.
2025-02-19 16:19:46,562:WARNING:
'cuml' is a soft dependency and not included in the pycaret installation. Please run: `pip install cuml` to install.
2025-02-19 16:21:42,596:INFO:PyCaret RegressionExperiment
2025-02-19 16:21:42,596:INFO:Logging name: reg-default-name
2025-02-19 16:21:42,597:INFO:ML Usecase: MLUsecase.REGRESSION
2025-02-19 16:21:42,597:INFO:version 3.3.2
2025-02-19 16:21:42,597:INFO:Initializing setup()
2025-02-19 16:21:42,597:INFO:self.USI: 6cd9
2025-02-19 16:21:42,597:INFO:self._variable_keys: {'log_plots_param', '_ml_usecase', 'fold_generator', 'n_jobs_param', 'USI', 'X', 'X_train', 'exp_id', 'gpu_n_jobs_param', 'X_test', 'y', 'gpu_param', 'html_param', 'pipeline', 'target_param', 'exp_name_log', 'logging_param', 'fold_groups_param', 'data', 'memory', 'y_train', 'fold_shuffle_param', 'y_test', 'transform_target_param', 'seed', 'idx', '_available_plots'}
2025-02-19 16:21:42,597:INFO:Checking environment
2025-02-19 16:21:42,597:INFO:python_version: 3.11.7
2025-02-19 16:21:42,597:INFO:python_build: ('main', 'Dec 15 2023 18:05:47')
2025-02-19 16:21:42,598:INFO:machine: AMD64
2025-02-19 16:21:42,598:INFO:platform: Windows-10-10.0.22631-SP0
2025-02-19 16:21:42,598:INFO:Memory: svmem(total=16873943040, available=6129549312, percent=63.7, used=10744393728, free=6129549312)
2025-02-19 16:21:42,598:INFO:Physical Core: 6
2025-02-19 16:21:42,598:INFO:Logical Core: 12
2025-02-19 16:21:42,598:INFO:Checking libraries
2025-02-19 16:21:42,598:INFO:System:
2025-02-19 16:21:42,598:INFO:    python: 3.11.7 | packaged by Anaconda, Inc. | (main, Dec 15 2023, 18:05:47) [MSC v.1916 64 bit (AMD64)]
2025-02-19 16:21:42,598:INFO:executable: C:\Users\Hammad Saleem\anaconda3\python.exe
2025-02-19 16:21:42,598:INFO:   machine: Windows-10-10.0.22631-SP0
2025-02-19 16:21:42,598:INFO:PyCaret required dependencies:
2025-02-19 16:21:45,713:INFO:                 pip: 24.3.1
2025-02-19 16:21:45,713:INFO:          setuptools: 75.8.0
2025-02-19 16:21:45,713:INFO:             pycaret: 3.3.2
2025-02-19 16:21:45,713:INFO:             IPython: 8.20.0
2025-02-19 16:21:45,713:INFO:          ipywidgets: 7.6.5
2025-02-19 16:21:45,713:INFO:                tqdm: 4.65.0
2025-02-19 16:21:45,713:INFO:               numpy: 1.26.4
2025-02-19 16:21:45,713:INFO:              pandas: 2.1.4
2025-02-19 16:21:45,713:INFO:              jinja2: 3.1.3
2025-02-19 16:21:45,713:INFO:               scipy: 1.11.4
2025-02-19 16:21:45,713:INFO:              joblib: 1.3.2
2025-02-19 16:21:45,713:INFO:             sklearn: 1.4.2
2025-02-19 16:21:45,713:INFO:                pyod: 2.0.3
2025-02-19 16:21:45,713:INFO:            imblearn: 0.13.0
2025-02-19 16:21:45,713:INFO:   category_encoders: 2.7.0
2025-02-19 16:21:45,713:INFO:            lightgbm: 4.6.0
2025-02-19 16:21:45,713:INFO:               numba: 0.59.0
2025-02-19 16:21:45,713:INFO:            requests: 2.31.0
2025-02-19 16:21:45,713:INFO:          matplotlib: 3.7.5
2025-02-19 16:21:45,713:INFO:          scikitplot: 0.3.7
2025-02-19 16:21:45,713:INFO:         yellowbrick: 1.5
2025-02-19 16:21:45,713:INFO:              plotly: 5.24.1
2025-02-19 16:21:45,713:INFO:    plotly-resampler: Not installed
2025-02-19 16:21:45,713:INFO:             kaleido: 0.2.1
2025-02-19 16:21:45,713:INFO:           schemdraw: 0.15
2025-02-19 16:21:45,713:INFO:         statsmodels: 0.14.0
2025-02-19 16:21:45,713:INFO:              sktime: 0.26.0
2025-02-19 16:21:45,713:INFO:               tbats: 1.1.3
2025-02-19 16:21:45,713:INFO:            pmdarima: 2.0.4
2025-02-19 16:21:45,713:INFO:              psutil: 5.9.0
2025-02-19 16:21:45,713:INFO:          markupsafe: 2.1.3
2025-02-19 16:21:45,713:INFO:             pickle5: Not installed
2025-02-19 16:21:45,713:INFO:         cloudpickle: 2.2.1
2025-02-19 16:21:45,713:INFO:         deprecation: 2.1.0
2025-02-19 16:21:45,713:INFO:              xxhash: 3.5.0
2025-02-19 16:21:45,713:INFO:           wurlitzer: Not installed
2025-02-19 16:21:45,713:INFO:PyCaret optional dependencies:
2025-02-19 16:21:45,729:INFO:                shap: Not installed
2025-02-19 16:21:45,729:INFO:           interpret: Not installed
2025-02-19 16:21:45,729:INFO:                umap: Not installed
2025-02-19 16:21:45,729:INFO:     ydata_profiling: 4.12.1
2025-02-19 16:21:45,729:INFO:  explainerdashboard: Not installed
2025-02-19 16:21:45,729:INFO:             autoviz: Not installed
2025-02-19 16:21:45,729:INFO:           fairlearn: Not installed
2025-02-19 16:21:45,729:INFO:          deepchecks: Not installed
2025-02-19 16:21:45,729:INFO:             xgboost: Not installed
2025-02-19 16:21:45,729:INFO:            catboost: Not installed
2025-02-19 16:21:45,729:INFO:              kmodes: Not installed
2025-02-19 16:21:45,729:INFO:             mlxtend: Not installed
2025-02-19 16:21:45,729:INFO:       statsforecast: Not installed
2025-02-19 16:21:45,729:INFO:        tune_sklearn: Not installed
2025-02-19 16:21:45,729:INFO:                 ray: Not installed
2025-02-19 16:21:45,729:INFO:            hyperopt: Not installed
2025-02-19 16:21:45,729:INFO:              optuna: Not installed
2025-02-19 16:21:45,729:INFO:               skopt: Not installed
2025-02-19 16:21:45,729:INFO:              mlflow: Not installed
2025-02-19 16:21:45,729:INFO:              gradio: Not installed
2025-02-19 16:21:45,729:INFO:             fastapi: Not installed
2025-02-19 16:21:45,729:INFO:             uvicorn: Not installed
2025-02-19 16:21:45,729:INFO:              m2cgen: Not installed
2025-02-19 16:21:45,729:INFO:           evidently: Not installed
2025-02-19 16:21:45,729:INFO:               fugue: Not installed
2025-02-19 16:21:45,729:INFO:           streamlit: 1.30.0
2025-02-19 16:21:45,729:INFO:             prophet: Not installed
2025-02-19 16:21:45,729:INFO:None
2025-02-19 16:21:45,729:INFO:Set up data.
2025-02-19 16:21:45,729:INFO:Set up folding strategy.
2025-02-19 16:21:45,729:INFO:Set up train/test split.
2025-02-19 16:21:45,767:INFO:Set up index.
2025-02-19 16:21:45,767:INFO:Assigning column types.
2025-02-19 16:21:45,767:INFO:Engine successfully changes for model 'lr' to 'sklearn'.
2025-02-19 16:21:45,767:INFO:Engine for model 'lasso' has not been set explicitly, hence returning None.
2025-02-19 16:21:45,767:INFO:Engine for model 'ridge' has not been set explicitly, hence returning None.
2025-02-19 16:21:45,767:INFO:Engine for model 'en' has not been set explicitly, hence returning None.
2025-02-19 16:21:45,834:INFO:Engine for model 'svm' has not been set explicitly, hence returning None.
2025-02-19 16:21:45,880:INFO:Engine for model 'knn' has not been set explicitly, hence returning None.
2025-02-19 16:21:45,880:WARNING:
'xgboost' is a soft dependency and not included in the pycaret installation. Please run: `pip install xgboost` to install.
Alternately, you can install this by running `pip install pycaret[models]`
2025-02-19 16:21:45,880:WARNING:
'catboost' is a soft dependency and not included in the pycaret installation. Please run: `pip install catboost` to install.
Alternately, you can install this by running `pip install pycaret[models]`
2025-02-19 16:21:45,880:INFO:Engine for model 'lasso' has not been set explicitly, hence returning None.
2025-02-19 16:21:45,880:INFO:Engine for model 'ridge' has not been set explicitly, hence returning None.
2025-02-19 16:21:45,880:INFO:Engine for model 'en' has not been set explicitly, hence returning None.
2025-02-19 16:21:45,927:INFO:Engine for model 'svm' has not been set explicitly, hence returning None.
2025-02-19 16:21:45,981:INFO:Engine for model 'knn' has not been set explicitly, hence returning None.
2025-02-19 16:21:45,982:WARNING:
'xgboost' is a soft dependency and not included in the pycaret installation. Please run: `pip install xgboost` to install.
Alternately, you can install this by running `pip install pycaret[models]`
2025-02-19 16:21:45,983:WARNING:
'catboost' is a soft dependency and not included in the pycaret installation. Please run: `pip install catboost` to install.
Alternately, you can install this by running `pip install pycaret[models]`
2025-02-19 16:21:45,983:INFO:Engine successfully changes for model 'lasso' to 'sklearn'.
2025-02-19 16:21:45,987:INFO:Engine for model 'ridge' has not been set explicitly, hence returning None.
2025-02-19 16:21:45,991:INFO:Engine for model 'en' has not been set explicitly, hence returning None.
2025-02-19 16:21:46,031:INFO:Engine for model 'svm' has not been set explicitly, hence returning None.
2025-02-19 16:21:46,078:INFO:Engine for model 'knn' has not been set explicitly, hence returning None.
2025-02-19 16:21:46,078:WARNING:
'xgboost' is a soft dependency and not included in the pycaret installation. Please run: `pip install xgboost` to install.
Alternately, you can install this by running `pip install pycaret[models]`
2025-02-19 16:21:46,078:WARNING:
'catboost' is a soft dependency and not included in the pycaret installation. Please run: `pip install catboost` to install.
Alternately, you can install this by running `pip install pycaret[models]`
2025-02-19 16:21:46,078:INFO:Engine for model 'ridge' has not been set explicitly, hence returning None.
2025-02-19 16:21:46,078:INFO:Engine for model 'en' has not been set explicitly, hence returning None.
2025-02-19 16:21:46,125:INFO:Engine for model 'svm' has not been set explicitly, hence returning None.
2025-02-19 16:21:46,172:INFO:Engine for model 'knn' has not been set explicitly, hence returning None.
2025-02-19 16:21:46,172:WARNING:
'xgboost' is a soft dependency and not included in the pycaret installation. Please run: `pip install xgboost` to install.
Alternately, you can install this by running `pip install pycaret[models]`
2025-02-19 16:21:46,172:WARNING:
'catboost' is a soft dependency and not included in the pycaret installation. Please run: `pip install catboost` to install.
Alternately, you can install this by running `pip install pycaret[models]`
2025-02-19 16:21:46,172:INFO:Engine successfully changes for model 'ridge' to 'sklearn'.
2025-02-19 16:21:46,183:INFO:Engine for model 'en' has not been set explicitly, hence returning None.
2025-02-19 16:21:46,238:INFO:Engine for model 'svm' has not been set explicitly, hence returning None.
2025-02-19 16:21:46,267:INFO:Engine for model 'knn' has not been set explicitly, hence returning None.
2025-02-19 16:21:46,283:WARNING:
'xgboost' is a soft dependency and not included in the pycaret installation. Please run: `pip install xgboost` to install.
Alternately, you can install this by running `pip install pycaret[models]`
2025-02-19 16:21:46,284:WARNING:
'catboost' is a soft dependency and not included in the pycaret installation. Please run: `pip install catboost` to install.
Alternately, you can install this by running `pip install pycaret[models]`
2025-02-19 16:21:46,284:INFO:Engine for model 'en' has not been set explicitly, hence returning None.
2025-02-19 16:21:46,343:INFO:Engine for model 'svm' has not been set explicitly, hence returning None.
2025-02-19 16:21:46,383:INFO:Engine for model 'knn' has not been set explicitly, hence returning None.
2025-02-19 16:21:46,383:WARNING:
'xgboost' is a soft dependency and not included in the pycaret installation. Please run: `pip install xgboost` to install.
Alternately, you can install this by running `pip install pycaret[models]`
2025-02-19 16:21:46,383:WARNING:
'catboost' is a soft dependency and not included in the pycaret installation. Please run: `pip install catboost` to install.
Alternately, you can install this by running `pip install pycaret[models]`
2025-02-19 16:21:46,383:INFO:Engine successfully changes for model 'en' to 'sklearn'.
2025-02-19 16:21:46,445:INFO:Engine for model 'svm' has not been set explicitly, hence returning None.
2025-02-19 16:21:46,480:INFO:Engine for model 'knn' has not been set explicitly, hence returning None.
2025-02-19 16:21:46,480:WARNING:
'xgboost' is a soft dependency and not included in the pycaret installation. Please run: `pip install xgboost` to install.
Alternately, you can install this by running `pip install pycaret[models]`
2025-02-19 16:21:46,480:WARNING:
'catboost' is a soft dependency and not included in the pycaret installation. Please run: `pip install catboost` to install.
Alternately, you can install this by running `pip install pycaret[models]`
2025-02-19 16:21:46,545:INFO:Engine for model 'svm' has not been set explicitly, hence returning None.
2025-02-19 16:21:46,590:INFO:Engine for model 'knn' has not been set explicitly, hence returning None.
2025-02-19 16:21:46,590:WARNING:
'xgboost' is a soft dependency and not included in the pycaret installation. Please run: `pip install xgboost` to install.
Alternately, you can install this by running `pip install pycaret[models]`
2025-02-19 16:21:46,590:WARNING:
'catboost' is a soft dependency and not included in the pycaret installation. Please run: `pip install catboost` to install.
Alternately, you can install this by running `pip install pycaret[models]`
2025-02-19 16:21:46,590:INFO:Engine successfully changes for model 'knn' to 'sklearn'.
2025-02-19 16:21:46,649:INFO:Engine for model 'svm' has not been set explicitly, hence returning None.
2025-02-19 16:21:46,681:WARNING:
'xgboost' is a soft dependency and not included in the pycaret installation. Please run: `pip install xgboost` to install.
Alternately, you can install this by running `pip install pycaret[models]`
2025-02-19 16:21:46,681:WARNING:
'catboost' is a soft dependency and not included in the pycaret installation. Please run: `pip install catboost` to install.
Alternately, you can install this by running `pip install pycaret[models]`
2025-02-19 16:21:46,746:INFO:Engine for model 'svm' has not been set explicitly, hence returning None.
2025-02-19 16:21:46,790:WARNING:
'xgboost' is a soft dependency and not included in the pycaret installation. Please run: `pip install xgboost` to install.
Alternately, you can install this by running `pip install pycaret[models]`
2025-02-19 16:21:46,790:WARNING:
'catboost' is a soft dependency and not included in the pycaret installation. Please run: `pip install catboost` to install.
Alternately, you can install this by running `pip install pycaret[models]`
2025-02-19 16:21:46,790:INFO:Engine successfully changes for model 'svm' to 'sklearn'.
2025-02-19 16:21:46,892:WARNING:
'xgboost' is a soft dependency and not included in the pycaret installation. Please run: `pip install xgboost` to install.
Alternately, you can install this by running `pip install pycaret[models]`
2025-02-19 16:21:46,892:WARNING:
'catboost' is a soft dependency and not included in the pycaret installation. Please run: `pip install catboost` to install.
Alternately, you can install this by running `pip install pycaret[models]`
2025-02-19 16:21:46,995:WARNING:
'xgboost' is a soft dependency and not included in the pycaret installation. Please run: `pip install xgboost` to install.
Alternately, you can install this by running `pip install pycaret[models]`
2025-02-19 16:21:46,995:WARNING:
'catboost' is a soft dependency and not included in the pycaret installation. Please run: `pip install catboost` to install.
Alternately, you can install this by running `pip install pycaret[models]`
2025-02-19 16:21:47,008:INFO:Preparing preprocessing pipeline...
2025-02-19 16:21:47,008:INFO:Set up simple imputation.
2025-02-19 16:21:47,009:INFO:Set up encoding of categorical features.
2025-02-19 16:21:47,048:INFO:Finished creating preprocessing pipeline.
2025-02-19 16:21:47,064:INFO:Pipeline: Pipeline(memory=FastMemory(location=C:\Users\HAMMAD~1\AppData\Local\Temp\joblib),
         steps=[('numerical_imputer',
                 TransformerWrapper(include=[], transformer=SimpleImputer())),
                ('categorical_imputer',
                 TransformerWrapper(include=['Date'],
                                    transformer=SimpleImputer(strategy='most_frequent'))),
                ('rest_encoding',
                 TransformerWrapper(include=['Date'],
                                    transformer=TargetEncoder(cols=['Date'],
                                                              handle_missing='return_nan')))])
2025-02-19 16:21:47,064:INFO:Creating final display dataframe.
2025-02-19 16:21:47,167:INFO:Setup _display_container:                     Description             Value
0                    Session id               123
1                        Target             Price
2                   Target type        Regression
3           Original data shape          (366, 2)
4        Transformed data shape          (366, 2)
5   Transformed train set shape          (256, 2)
6    Transformed test set shape          (110, 2)
7          Categorical features                 1
8                    Preprocess              True
9               Imputation type            simple
10           Numeric imputation              mean
11       Categorical imputation              mode
12     Maximum one-hot encoding                25
13              Encoding method              None
14               Fold Generator             KFold
15                  Fold Number                10
16                     CPU Jobs                -1
17                      Use GPU             False
18               Log Experiment             False
19              Experiment Name  reg-default-name
20                          USI              6cd9
2025-02-19 16:21:47,295:WARNING:
'xgboost' is a soft dependency and not included in the pycaret installation. Please run: `pip install xgboost` to install.
Alternately, you can install this by running `pip install pycaret[models]`
2025-02-19 16:21:47,295:WARNING:
'catboost' is a soft dependency and not included in the pycaret installation. Please run: `pip install catboost` to install.
Alternately, you can install this by running `pip install pycaret[models]`
2025-02-19 16:21:47,383:WARNING:
'xgboost' is a soft dependency and not included in the pycaret installation. Please run: `pip install xgboost` to install.
Alternately, you can install this by running `pip install pycaret[models]`
2025-02-19 16:21:47,383:WARNING:
'catboost' is a soft dependency and not included in the pycaret installation. Please run: `pip install catboost` to install.
Alternately, you can install this by running `pip install pycaret[models]`
2025-02-19 16:21:47,383:INFO:setup() successfully completed in 4.8s...............
2025-02-19 16:22:17,048:INFO:Initializing compare_models()
2025-02-19 16:22:17,048:INFO:compare_models(self=<pycaret.regression.oop.RegressionExperiment object at 0x00000288994156D0>, include=None, exclude=None, fold=None, round=4, cross_validation=True, sort=R2, n_select=1, budget_time=None, turbo=True, errors=ignore, fit_kwargs=None, groups=None, experiment_custom_tags=None, probability_threshold=None, verbose=True, parallel=None, caller_params={'self': <pycaret.regression.oop.RegressionExperiment object at 0x00000288994156D0>, 'include': None, 'exclude': None, 'fold': None, 'round': 4, 'cross_validation': True, 'sort': 'R2', 'n_select': 1, 'budget_time': None, 'turbo': True, 'errors': 'ignore', 'fit_kwargs': None, 'groups': None, 'experiment_custom_tags': None, 'engine': None, 'verbose': True, 'parallel': None, '__class__': <class 'pycaret.regression.oop.RegressionExperiment'>})
2025-02-19 16:22:17,049:INFO:Checking exceptions
2025-02-19 16:22:17,050:INFO:Preparing display monitor
2025-02-19 16:22:17,086:INFO:Initializing Linear Regression
2025-02-19 16:22:17,086:INFO:Total runtime is 0.0 minutes
2025-02-19 16:22:17,090:INFO:SubProcess create_model() called ==================================
2025-02-19 16:22:17,090:INFO:Initializing create_model()
2025-02-19 16:22:17,090:INFO:create_model(self=<pycaret.regression.oop.RegressionExperiment object at 0x00000288994156D0>, estimator=lr, fold=KFold(n_splits=10, random_state=None, shuffle=False), round=4, cross_validation=True, predict=True, fit_kwargs={}, groups=None, refit=False, probability_threshold=None, experiment_custom_tags=None, verbose=False, system=False, add_to_model_list=True, metrics=None, display=<pycaret.internal.display.display.CommonDisplay object at 0x000002889C1C3F90>, model_only=True, return_train_score=False, error_score=0.0, kwargs={})
2025-02-19 16:22:17,090:INFO:Checking exceptions
2025-02-19 16:22:17,090:INFO:Importing libraries
2025-02-19 16:22:17,090:INFO:Copying training dataset
2025-02-19 16:22:17,094:INFO:Defining folds
2025-02-19 16:22:17,094:INFO:Declaring metric variables
2025-02-19 16:22:17,097:INFO:Importing untrained model
2025-02-19 16:22:17,097:INFO:Linear Regression Imported successfully
2025-02-19 16:22:17,112:INFO:Starting cross validation
2025-02-19 16:22:17,147:INFO:Cross validating with KFold(n_splits=10, random_state=None, shuffle=False), n_jobs=-1
2025-02-19 16:22:26,143:INFO:Calculating mean and std
2025-02-19 16:22:26,144:INFO:Creating metrics dataframe
2025-02-19 16:22:26,144:INFO:Uploading results into container
2025-02-19 16:22:26,147:INFO:Uploading model into container now
2025-02-19 16:22:26,147:INFO:_master_model_container: 1
2025-02-19 16:22:26,147:INFO:_display_container: 2
2025-02-19 16:22:26,147:INFO:LinearRegression(n_jobs=-1)
2025-02-19 16:22:26,147:INFO:create_model() successfully completed......................................
2025-02-19 16:22:26,270:INFO:SubProcess create_model() end ==================================
2025-02-19 16:22:26,270:INFO:Creating metrics dataframe
2025-02-19 16:22:26,270:INFO:Initializing Lasso Regression
2025-02-19 16:22:26,270:INFO:Total runtime is 0.15306782722473145 minutes
2025-02-19 16:22:26,286:INFO:SubProcess create_model() called ==================================
2025-02-19 16:22:26,286:INFO:Initializing create_model()
2025-02-19 16:22:26,286:INFO:create_model(self=<pycaret.regression.oop.RegressionExperiment object at 0x00000288994156D0>, estimator=lasso, fold=KFold(n_splits=10, random_state=None, shuffle=False), round=4, cross_validation=True, predict=True, fit_kwargs={}, groups=None, refit=False, probability_threshold=None, experiment_custom_tags=None, verbose=False, system=False, add_to_model_list=True, metrics=None, display=<pycaret.internal.display.display.CommonDisplay object at 0x000002889C1C3F90>, model_only=True, return_train_score=False, error_score=0.0, kwargs={})
2025-02-19 16:22:26,286:INFO:Checking exceptions
2025-02-19 16:22:26,286:INFO:Importing libraries
2025-02-19 16:22:26,286:INFO:Copying training dataset
2025-02-19 16:22:26,286:INFO:Defining folds
2025-02-19 16:22:26,286:INFO:Declaring metric variables
2025-02-19 16:22:26,296:INFO:Importing untrained model
2025-02-19 16:22:26,298:INFO:Lasso Regression Imported successfully
2025-02-19 16:22:26,298:INFO:Starting cross validation
2025-02-19 16:22:26,298:INFO:Cross validating with KFold(n_splits=10, random_state=None, shuffle=False), n_jobs=-1
2025-02-19 16:22:29,774:INFO:Calculating mean and std
2025-02-19 16:22:29,774:INFO:Creating metrics dataframe
2025-02-19 16:22:29,774:INFO:Uploading results into container
2025-02-19 16:22:29,774:INFO:Uploading model into container now
2025-02-19 16:22:29,774:INFO:_master_model_container: 2
2025-02-19 16:22:29,779:INFO:_display_container: 2
2025-02-19 16:22:29,779:INFO:Lasso(random_state=123)
2025-02-19 16:22:29,779:INFO:create_model() successfully completed......................................
2025-02-19 16:22:29,901:INFO:SubProcess create_model() end ==================================
2025-02-19 16:22:29,901:INFO:Creating metrics dataframe
2025-02-19 16:22:29,917:INFO:Initializing Ridge Regression
2025-02-19 16:22:29,917:INFO:Total runtime is 0.21384910742441812 minutes
2025-02-19 16:22:29,918:INFO:SubProcess create_model() called ==================================
2025-02-19 16:22:29,918:INFO:Initializing create_model()
2025-02-19 16:22:29,918:INFO:create_model(self=<pycaret.regression.oop.RegressionExperiment object at 0x00000288994156D0>, estimator=ridge, fold=KFold(n_splits=10, random_state=None, shuffle=False), round=4, cross_validation=True, predict=True, fit_kwargs={}, groups=None, refit=False, probability_threshold=None, experiment_custom_tags=None, verbose=False, system=False, add_to_model_list=True, metrics=None, display=<pycaret.internal.display.display.CommonDisplay object at 0x000002889C1C3F90>, model_only=True, return_train_score=False, error_score=0.0, kwargs={})
2025-02-19 16:22:29,918:INFO:Checking exceptions
2025-02-19 16:22:29,918:INFO:Importing libraries
2025-02-19 16:22:29,918:INFO:Copying training dataset
2025-02-19 16:22:29,918:INFO:Defining folds
2025-02-19 16:22:29,918:INFO:Declaring metric variables
2025-02-19 16:22:29,931:INFO:Importing untrained model
2025-02-19 16:22:29,935:INFO:Ridge Regression Imported successfully
2025-02-19 16:22:29,935:INFO:Starting cross validation
2025-02-19 16:22:29,935:INFO:Cross validating with KFold(n_splits=10, random_state=None, shuffle=False), n_jobs=-1
2025-02-19 16:22:30,029:INFO:Calculating mean and std
2025-02-19 16:22:30,030:INFO:Creating metrics dataframe
2025-02-19 16:22:30,031:INFO:Uploading results into container
2025-02-19 16:22:30,032:INFO:Uploading model into container now
2025-02-19 16:22:30,032:INFO:_master_model_container: 3
2025-02-19 16:22:30,032:INFO:_display_container: 2
2025-02-19 16:22:30,032:INFO:Ridge(random_state=123)
2025-02-19 16:22:30,032:INFO:create_model() successfully completed......................................
2025-02-19 16:22:30,152:INFO:SubProcess create_model() end ==================================
2025-02-19 16:22:30,152:INFO:Creating metrics dataframe
2025-02-19 16:22:30,162:INFO:Initializing Elastic Net
2025-02-19 16:22:30,162:INFO:Total runtime is 0.2179319659868876 minutes
2025-02-19 16:22:30,166:INFO:SubProcess create_model() called ==================================
2025-02-19 16:22:30,167:INFO:Initializing create_model()
2025-02-19 16:22:30,167:INFO:create_model(self=<pycaret.regression.oop.RegressionExperiment object at 0x00000288994156D0>, estimator=en, fold=KFold(n_splits=10, random_state=None, shuffle=False), round=4, cross_validation=True, predict=True, fit_kwargs={}, groups=None, refit=False, probability_threshold=None, experiment_custom_tags=None, verbose=False, system=False, add_to_model_list=True, metrics=None, display=<pycaret.internal.display.display.CommonDisplay object at 0x000002889C1C3F90>, model_only=True, return_train_score=False, error_score=0.0, kwargs={})
2025-02-19 16:22:30,167:INFO:Checking exceptions
2025-02-19 16:22:30,167:INFO:Importing libraries
2025-02-19 16:22:30,167:INFO:Copying training dataset
2025-02-19 16:22:30,167:INFO:Defining folds
2025-02-19 16:22:30,167:INFO:Declaring metric variables
2025-02-19 16:22:30,167:INFO:Importing untrained model
2025-02-19 16:22:30,178:INFO:Elastic Net Imported successfully
2025-02-19 16:22:30,184:INFO:Starting cross validation
2025-02-19 16:22:30,184:INFO:Cross validating with KFold(n_splits=10, random_state=None, shuffle=False), n_jobs=-1
2025-02-19 16:22:30,265:INFO:Calculating mean and std
2025-02-19 16:22:30,266:INFO:Creating metrics dataframe
2025-02-19 16:22:30,267:INFO:Uploading results into container
2025-02-19 16:22:30,268:INFO:Uploading model into container now
2025-02-19 16:22:30,268:INFO:_master_model_container: 4
2025-02-19 16:22:30,268:INFO:_display_container: 2
2025-02-19 16:22:30,268:INFO:ElasticNet(random_state=123)
2025-02-19 16:22:30,268:INFO:create_model() successfully completed......................................
2025-02-19 16:22:30,383:INFO:SubProcess create_model() end ==================================
2025-02-19 16:22:30,383:INFO:Creating metrics dataframe
2025-02-19 16:22:30,385:INFO:Initializing Least Angle Regression
2025-02-19 16:22:30,385:INFO:Total runtime is 0.22164403994878132 minutes
2025-02-19 16:22:30,395:INFO:SubProcess create_model() called ==================================
2025-02-19 16:22:30,395:INFO:Initializing create_model()
2025-02-19 16:22:30,395:INFO:create_model(self=<pycaret.regression.oop.RegressionExperiment object at 0x00000288994156D0>, estimator=lar, fold=KFold(n_splits=10, random_state=None, shuffle=False), round=4, cross_validation=True, predict=True, fit_kwargs={}, groups=None, refit=False, probability_threshold=None, experiment_custom_tags=None, verbose=False, system=False, add_to_model_list=True, metrics=None, display=<pycaret.internal.display.display.CommonDisplay object at 0x000002889C1C3F90>, model_only=True, return_train_score=False, error_score=0.0, kwargs={})
2025-02-19 16:22:30,395:INFO:Checking exceptions
2025-02-19 16:22:30,395:INFO:Importing libraries
2025-02-19 16:22:30,395:INFO:Copying training dataset
2025-02-19 16:22:30,399:INFO:Defining folds
2025-02-19 16:22:30,399:INFO:Declaring metric variables
2025-02-19 16:22:30,401:INFO:Importing untrained model
2025-02-19 16:22:30,401:INFO:Least Angle Regression Imported successfully
2025-02-19 16:22:30,415:INFO:Starting cross validation
2025-02-19 16:22:30,416:INFO:Cross validating with KFold(n_splits=10, random_state=None, shuffle=False), n_jobs=-1
2025-02-19 16:22:30,499:INFO:Calculating mean and std
2025-02-19 16:22:30,500:INFO:Creating metrics dataframe
2025-02-19 16:22:30,502:INFO:Uploading results into container
2025-02-19 16:22:30,502:INFO:Uploading model into container now
2025-02-19 16:22:30,502:INFO:_master_model_container: 5
2025-02-19 16:22:30,502:INFO:_display_container: 2
2025-02-19 16:22:30,502:INFO:Lars(random_state=123)
2025-02-19 16:22:30,502:INFO:create_model() successfully completed......................................
2025-02-19 16:22:30,613:INFO:SubProcess create_model() end ==================================
2025-02-19 16:22:30,613:INFO:Creating metrics dataframe
2025-02-19 16:22:30,613:INFO:Initializing Lasso Least Angle Regression
2025-02-19 16:22:30,613:INFO:Total runtime is 0.22544881105422973 minutes
2025-02-19 16:22:30,629:INFO:SubProcess create_model() called ==================================
2025-02-19 16:22:30,629:INFO:Initializing create_model()
2025-02-19 16:22:30,629:INFO:create_model(self=<pycaret.regression.oop.RegressionExperiment object at 0x00000288994156D0>, estimator=llar, fold=KFold(n_splits=10, random_state=None, shuffle=False), round=4, cross_validation=True, predict=True, fit_kwargs={}, groups=None, refit=False, probability_threshold=None, experiment_custom_tags=None, verbose=False, system=False, add_to_model_list=True, metrics=None, display=<pycaret.internal.display.display.CommonDisplay object at 0x000002889C1C3F90>, model_only=True, return_train_score=False, error_score=0.0, kwargs={})
2025-02-19 16:22:30,629:INFO:Checking exceptions
2025-02-19 16:22:30,629:INFO:Importing libraries
2025-02-19 16:22:30,629:INFO:Copying training dataset
2025-02-19 16:22:30,629:INFO:Defining folds
2025-02-19 16:22:30,629:INFO:Declaring metric variables
2025-02-19 16:22:30,629:INFO:Importing untrained model
2025-02-19 16:22:30,629:INFO:Lasso Least Angle Regression Imported successfully
2025-02-19 16:22:30,652:INFO:Starting cross validation
2025-02-19 16:22:30,652:INFO:Cross validating with KFold(n_splits=10, random_state=None, shuffle=False), n_jobs=-1
2025-02-19 16:22:30,752:INFO:Calculating mean and std
2025-02-19 16:22:30,752:INFO:Creating metrics dataframe
2025-02-19 16:22:30,752:INFO:Uploading results into container
2025-02-19 16:22:30,752:INFO:Uploading model into container now
2025-02-19 16:22:30,752:INFO:_master_model_container: 6
2025-02-19 16:22:30,752:INFO:_display_container: 2
2025-02-19 16:22:30,752:INFO:LassoLars(random_state=123)
2025-02-19 16:22:30,752:INFO:create_model() successfully completed......................................
2025-02-19 16:22:30,864:INFO:SubProcess create_model() end ==================================
2025-02-19 16:22:30,864:INFO:Creating metrics dataframe
2025-02-19 16:22:30,864:INFO:Initializing Orthogonal Matching Pursuit
2025-02-19 16:22:30,864:INFO:Total runtime is 0.22963076035181682 minutes
2025-02-19 16:22:30,881:INFO:SubProcess create_model() called ==================================
2025-02-19 16:22:30,882:INFO:Initializing create_model()
2025-02-19 16:22:30,882:INFO:create_model(self=<pycaret.regression.oop.RegressionExperiment object at 0x00000288994156D0>, estimator=omp, fold=KFold(n_splits=10, random_state=None, shuffle=False), round=4, cross_validation=True, predict=True, fit_kwargs={}, groups=None, refit=False, probability_threshold=None, experiment_custom_tags=None, verbose=False, system=False, add_to_model_list=True, metrics=None, display=<pycaret.internal.display.display.CommonDisplay object at 0x000002889C1C3F90>, model_only=True, return_train_score=False, error_score=0.0, kwargs={})
2025-02-19 16:22:30,882:INFO:Checking exceptions
2025-02-19 16:22:30,882:INFO:Importing libraries
2025-02-19 16:22:30,882:INFO:Copying training dataset
2025-02-19 16:22:30,885:INFO:Defining folds
2025-02-19 16:22:30,885:INFO:Declaring metric variables
2025-02-19 16:22:30,889:INFO:Importing untrained model
2025-02-19 16:22:30,892:INFO:Orthogonal Matching Pursuit Imported successfully
2025-02-19 16:22:30,899:INFO:Starting cross validation
2025-02-19 16:22:30,900:INFO:Cross validating with KFold(n_splits=10, random_state=None, shuffle=False), n_jobs=-1
2025-02-19 16:22:30,988:INFO:Calculating mean and std
2025-02-19 16:22:30,988:INFO:Creating metrics dataframe
2025-02-19 16:22:30,988:INFO:Uploading results into container
2025-02-19 16:22:30,988:INFO:Uploading model into container now
2025-02-19 16:22:30,988:INFO:_master_model_container: 7
2025-02-19 16:22:30,988:INFO:_display_container: 2
2025-02-19 16:22:30,988:INFO:OrthogonalMatchingPursuit()
2025-02-19 16:22:30,988:INFO:create_model() successfully completed......................................
2025-02-19 16:22:31,101:INFO:SubProcess create_model() end ==================================
2025-02-19 16:22:31,101:INFO:Creating metrics dataframe
2025-02-19 16:22:31,116:INFO:Initializing Bayesian Ridge
2025-02-19 16:22:31,116:INFO:Total runtime is 0.23382878700892132 minutes
2025-02-19 16:22:31,118:INFO:SubProcess create_model() called ==================================
2025-02-19 16:22:31,118:INFO:Initializing create_model()
2025-02-19 16:22:31,118:INFO:create_model(self=<pycaret.regression.oop.RegressionExperiment object at 0x00000288994156D0>, estimator=br, fold=KFold(n_splits=10, random_state=None, shuffle=False), round=4, cross_validation=True, predict=True, fit_kwargs={}, groups=None, refit=False, probability_threshold=None, experiment_custom_tags=None, verbose=False, system=False, add_to_model_list=True, metrics=None, display=<pycaret.internal.display.display.CommonDisplay object at 0x000002889C1C3F90>, model_only=True, return_train_score=False, error_score=0.0, kwargs={})
2025-02-19 16:22:31,118:INFO:Checking exceptions
2025-02-19 16:22:31,118:INFO:Importing libraries
2025-02-19 16:22:31,118:INFO:Copying training dataset
2025-02-19 16:22:31,118:INFO:Defining folds
2025-02-19 16:22:31,118:INFO:Declaring metric variables
2025-02-19 16:22:31,118:INFO:Importing untrained model
2025-02-19 16:22:31,130:INFO:Bayesian Ridge Imported successfully
2025-02-19 16:22:31,135:INFO:Starting cross validation
2025-02-19 16:22:31,135:INFO:Cross validating with KFold(n_splits=10, random_state=None, shuffle=False), n_jobs=-1
2025-02-19 16:22:31,228:INFO:Calculating mean and std
2025-02-19 16:22:31,228:INFO:Creating metrics dataframe
2025-02-19 16:22:31,230:INFO:Uploading results into container
2025-02-19 16:22:31,230:INFO:Uploading model into container now
2025-02-19 16:22:31,231:INFO:_master_model_container: 8
2025-02-19 16:22:31,231:INFO:_display_container: 2
2025-02-19 16:22:31,231:INFO:BayesianRidge()
2025-02-19 16:22:31,231:INFO:create_model() successfully completed......................................
2025-02-19 16:22:31,347:INFO:SubProcess create_model() end ==================================
2025-02-19 16:22:31,347:INFO:Creating metrics dataframe
2025-02-19 16:22:31,353:INFO:Initializing Passive Aggressive Regressor
2025-02-19 16:22:31,353:INFO:Total runtime is 0.23777960936228434 minutes
2025-02-19 16:22:31,362:INFO:SubProcess create_model() called ==================================
2025-02-19 16:22:31,362:INFO:Initializing create_model()
2025-02-19 16:22:31,362:INFO:create_model(self=<pycaret.regression.oop.RegressionExperiment object at 0x00000288994156D0>, estimator=par, fold=KFold(n_splits=10, random_state=None, shuffle=False), round=4, cross_validation=True, predict=True, fit_kwargs={}, groups=None, refit=False, probability_threshold=None, experiment_custom_tags=None, verbose=False, system=False, add_to_model_list=True, metrics=None, display=<pycaret.internal.display.display.CommonDisplay object at 0x000002889C1C3F90>, model_only=True, return_train_score=False, error_score=0.0, kwargs={})
2025-02-19 16:22:31,362:INFO:Checking exceptions
2025-02-19 16:22:31,363:INFO:Importing libraries
2025-02-19 16:22:31,363:INFO:Copying training dataset
2025-02-19 16:22:31,366:INFO:Defining folds
2025-02-19 16:22:31,366:INFO:Declaring metric variables
2025-02-19 16:22:31,368:INFO:Importing untrained model
2025-02-19 16:22:31,368:INFO:Passive Aggressive Regressor Imported successfully
2025-02-19 16:22:31,380:INFO:Starting cross validation
2025-02-19 16:22:31,381:INFO:Cross validating with KFold(n_splits=10, random_state=None, shuffle=False), n_jobs=-1
2025-02-19 16:22:31,467:INFO:Calculating mean and std
2025-02-19 16:22:31,468:INFO:Creating metrics dataframe
2025-02-19 16:22:31,469:INFO:Uploading results into container
2025-02-19 16:22:31,469:INFO:Uploading model into container now
2025-02-19 16:22:31,469:INFO:_master_model_container: 9
2025-02-19 16:22:31,469:INFO:_display_container: 2
2025-02-19 16:22:31,469:INFO:PassiveAggressiveRegressor(random_state=123)
2025-02-19 16:22:31,469:INFO:create_model() successfully completed......................................
2025-02-19 16:22:31,586:INFO:SubProcess create_model() end ==================================
2025-02-19 16:22:31,587:INFO:Creating metrics dataframe
2025-02-19 16:22:31,597:INFO:Initializing Huber Regressor
2025-02-19 16:22:31,597:INFO:Total runtime is 0.24185252984364827 minutes
2025-02-19 16:22:31,601:INFO:SubProcess create_model() called ==================================
2025-02-19 16:22:31,601:INFO:Initializing create_model()
2025-02-19 16:22:31,601:INFO:create_model(self=<pycaret.regression.oop.RegressionExperiment object at 0x00000288994156D0>, estimator=huber, fold=KFold(n_splits=10, random_state=None, shuffle=False), round=4, cross_validation=True, predict=True, fit_kwargs={}, groups=None, refit=False, probability_threshold=None, experiment_custom_tags=None, verbose=False, system=False, add_to_model_list=True, metrics=None, display=<pycaret.internal.display.display.CommonDisplay object at 0x000002889C1C3F90>, model_only=True, return_train_score=False, error_score=0.0, kwargs={})
2025-02-19 16:22:31,601:INFO:Checking exceptions
2025-02-19 16:22:31,601:INFO:Importing libraries
2025-02-19 16:22:31,601:INFO:Copying training dataset
2025-02-19 16:22:31,601:INFO:Defining folds
2025-02-19 16:22:31,601:INFO:Declaring metric variables
2025-02-19 16:22:31,601:INFO:Importing untrained model
2025-02-19 16:22:31,614:INFO:Huber Regressor Imported successfully
2025-02-19 16:22:31,618:INFO:Starting cross validation
2025-02-19 16:22:31,618:INFO:Cross validating with KFold(n_splits=10, random_state=None, shuffle=False), n_jobs=-1
2025-02-19 16:22:31,720:WARNING:C:\Users\Hammad Saleem\anaconda3\Lib\site-packages\sklearn\linear_model\_huber.py:342: ConvergenceWarning: lbfgs failed to converge (status=1):
STOP: TOTAL NO. of ITERATIONS REACHED LIMIT.

Increase the number of iterations (max_iter) or scale the data as shown in:
    https://scikit-learn.org/stable/modules/preprocessing.html
  self.n_iter_ = _check_optimize_result("lbfgs", opt_res, self.max_iter)

2025-02-19 16:22:31,741:INFO:Calculating mean and std
2025-02-19 16:22:31,742:INFO:Creating metrics dataframe
2025-02-19 16:22:31,743:INFO:Uploading results into container
2025-02-19 16:22:31,744:INFO:Uploading model into container now
2025-02-19 16:22:31,744:INFO:_master_model_container: 10
2025-02-19 16:22:31,744:INFO:_display_container: 2
2025-02-19 16:22:31,744:INFO:HuberRegressor()
2025-02-19 16:22:31,744:INFO:create_model() successfully completed......................................
2025-02-19 16:22:31,852:INFO:SubProcess create_model() end ==================================
2025-02-19 16:22:31,852:INFO:Creating metrics dataframe
2025-02-19 16:22:31,860:INFO:Initializing K Neighbors Regressor
2025-02-19 16:22:31,860:INFO:Total runtime is 0.24622730016708375 minutes
2025-02-19 16:22:31,860:INFO:SubProcess create_model() called ==================================
2025-02-19 16:22:31,860:INFO:Initializing create_model()
2025-02-19 16:22:31,860:INFO:create_model(self=<pycaret.regression.oop.RegressionExperiment object at 0x00000288994156D0>, estimator=knn, fold=KFold(n_splits=10, random_state=None, shuffle=False), round=4, cross_validation=True, predict=True, fit_kwargs={}, groups=None, refit=False, probability_threshold=None, experiment_custom_tags=None, verbose=False, system=False, add_to_model_list=True, metrics=None, display=<pycaret.internal.display.display.CommonDisplay object at 0x000002889C1C3F90>, model_only=True, return_train_score=False, error_score=0.0, kwargs={})
2025-02-19 16:22:31,860:INFO:Checking exceptions
2025-02-19 16:22:31,860:INFO:Importing libraries
2025-02-19 16:22:31,860:INFO:Copying training dataset
2025-02-19 16:22:31,875:INFO:Defining folds
2025-02-19 16:22:31,875:INFO:Declaring metric variables
2025-02-19 16:22:31,880:INFO:Importing untrained model
2025-02-19 16:22:31,884:INFO:K Neighbors Regressor Imported successfully
2025-02-19 16:22:31,884:INFO:Starting cross validation
2025-02-19 16:22:31,884:INFO:Cross validating with KFold(n_splits=10, random_state=None, shuffle=False), n_jobs=-1
2025-02-19 16:22:32,120:INFO:Calculating mean and std
2025-02-19 16:22:32,120:INFO:Creating metrics dataframe
2025-02-19 16:22:32,128:INFO:Uploading results into container
2025-02-19 16:22:32,130:INFO:Uploading model into container now
2025-02-19 16:22:32,130:INFO:_master_model_container: 11
2025-02-19 16:22:32,130:INFO:_display_container: 2
2025-02-19 16:22:32,130:INFO:KNeighborsRegressor(n_jobs=-1)
2025-02-19 16:22:32,130:INFO:create_model() successfully completed......................................
2025-02-19 16:22:32,253:INFO:SubProcess create_model() end ==================================
2025-02-19 16:22:32,253:INFO:Creating metrics dataframe
2025-02-19 16:22:32,262:INFO:Initializing Decision Tree Regressor
2025-02-19 16:22:32,262:INFO:Total runtime is 0.25294087727864584 minutes
2025-02-19 16:22:32,262:INFO:SubProcess create_model() called ==================================
2025-02-19 16:22:32,262:INFO:Initializing create_model()
2025-02-19 16:22:32,262:INFO:create_model(self=<pycaret.regression.oop.RegressionExperiment object at 0x00000288994156D0>, estimator=dt, fold=KFold(n_splits=10, random_state=None, shuffle=False), round=4, cross_validation=True, predict=True, fit_kwargs={}, groups=None, refit=False, probability_threshold=None, experiment_custom_tags=None, verbose=False, system=False, add_to_model_list=True, metrics=None, display=<pycaret.internal.display.display.CommonDisplay object at 0x000002889C1C3F90>, model_only=True, return_train_score=False, error_score=0.0, kwargs={})
2025-02-19 16:22:32,262:INFO:Checking exceptions
2025-02-19 16:22:32,262:INFO:Importing libraries
2025-02-19 16:22:32,262:INFO:Copying training dataset
2025-02-19 16:22:32,262:INFO:Defining folds
2025-02-19 16:22:32,262:INFO:Declaring metric variables
2025-02-19 16:22:32,282:INFO:Importing untrained model
2025-02-19 16:22:32,282:INFO:Decision Tree Regressor Imported successfully
2025-02-19 16:22:32,282:INFO:Starting cross validation
2025-02-19 16:22:32,295:INFO:Cross validating with KFold(n_splits=10, random_state=None, shuffle=False), n_jobs=-1
2025-02-19 16:22:32,374:INFO:Calculating mean and std
2025-02-19 16:22:32,374:INFO:Creating metrics dataframe
2025-02-19 16:22:32,379:INFO:Uploading results into container
2025-02-19 16:22:32,379:INFO:Uploading model into container now
2025-02-19 16:22:32,380:INFO:_master_model_container: 12
2025-02-19 16:22:32,380:INFO:_display_container: 2
2025-02-19 16:22:32,380:INFO:DecisionTreeRegressor(random_state=123)
2025-02-19 16:22:32,380:INFO:create_model() successfully completed......................................
2025-02-19 16:22:32,491:INFO:SubProcess create_model() end ==================================
2025-02-19 16:22:32,491:INFO:Creating metrics dataframe
2025-02-19 16:22:32,495:INFO:Initializing Random Forest Regressor
2025-02-19 16:22:32,495:INFO:Total runtime is 0.25682249466578166 minutes
2025-02-19 16:22:32,495:INFO:SubProcess create_model() called ==================================
2025-02-19 16:22:32,495:INFO:Initializing create_model()
2025-02-19 16:22:32,495:INFO:create_model(self=<pycaret.regression.oop.RegressionExperiment object at 0x00000288994156D0>, estimator=rf, fold=KFold(n_splits=10, random_state=None, shuffle=False), round=4, cross_validation=True, predict=True, fit_kwargs={}, groups=None, refit=False, probability_threshold=None, experiment_custom_tags=None, verbose=False, system=False, add_to_model_list=True, metrics=None, display=<pycaret.internal.display.display.CommonDisplay object at 0x000002889C1C3F90>, model_only=True, return_train_score=False, error_score=0.0, kwargs={})
2025-02-19 16:22:32,495:INFO:Checking exceptions
2025-02-19 16:22:32,495:INFO:Importing libraries
2025-02-19 16:22:32,495:INFO:Copying training dataset
2025-02-19 16:22:32,512:INFO:Defining folds
2025-02-19 16:22:32,512:INFO:Declaring metric variables
2025-02-19 16:22:32,516:INFO:Importing untrained model
2025-02-19 16:22:32,519:INFO:Random Forest Regressor Imported successfully
2025-02-19 16:22:32,528:INFO:Starting cross validation
2025-02-19 16:22:32,529:INFO:Cross validating with KFold(n_splits=10, random_state=None, shuffle=False), n_jobs=-1
2025-02-19 16:22:32,913:INFO:Calculating mean and std
2025-02-19 16:22:32,913:INFO:Creating metrics dataframe
2025-02-19 16:22:32,919:INFO:Uploading results into container
2025-02-19 16:22:32,919:INFO:Uploading model into container now
2025-02-19 16:22:32,919:INFO:_master_model_container: 13
2025-02-19 16:22:32,919:INFO:_display_container: 2
2025-02-19 16:22:32,928:INFO:RandomForestRegressor(n_jobs=-1, random_state=123)
2025-02-19 16:22:32,928:INFO:create_model() successfully completed......................................
2025-02-19 16:22:33,063:INFO:SubProcess create_model() end ==================================
2025-02-19 16:22:33,063:INFO:Creating metrics dataframe
2025-02-19 16:22:33,063:INFO:Initializing Extra Trees Regressor
2025-02-19 16:22:33,063:INFO:Total runtime is 0.266283118724823 minutes
2025-02-19 16:22:33,063:INFO:SubProcess create_model() called ==================================
2025-02-19 16:22:33,063:INFO:Initializing create_model()
2025-02-19 16:22:33,063:INFO:create_model(self=<pycaret.regression.oop.RegressionExperiment object at 0x00000288994156D0>, estimator=et, fold=KFold(n_splits=10, random_state=None, shuffle=False), round=4, cross_validation=True, predict=True, fit_kwargs={}, groups=None, refit=False, probability_threshold=None, experiment_custom_tags=None, verbose=False, system=False, add_to_model_list=True, metrics=None, display=<pycaret.internal.display.display.CommonDisplay object at 0x000002889C1C3F90>, model_only=True, return_train_score=False, error_score=0.0, kwargs={})
2025-02-19 16:22:33,078:INFO:Checking exceptions
2025-02-19 16:22:33,078:INFO:Importing libraries
2025-02-19 16:22:33,078:INFO:Copying training dataset
2025-02-19 16:22:33,079:INFO:Defining folds
2025-02-19 16:22:33,079:INFO:Declaring metric variables
2025-02-19 16:22:33,079:INFO:Importing untrained model
2025-02-19 16:22:33,079:INFO:Extra Trees Regressor Imported successfully
2025-02-19 16:22:33,096:INFO:Starting cross validation
2025-02-19 16:22:33,096:INFO:Cross validating with KFold(n_splits=10, random_state=None, shuffle=False), n_jobs=-1
2025-02-19 16:22:33,396:INFO:Calculating mean and std
2025-02-19 16:22:33,396:INFO:Creating metrics dataframe
2025-02-19 16:22:33,396:INFO:Uploading results into container
2025-02-19 16:22:33,396:INFO:Uploading model into container now
2025-02-19 16:22:33,396:INFO:_master_model_container: 14
2025-02-19 16:22:33,396:INFO:_display_container: 2
2025-02-19 16:22:33,396:INFO:ExtraTreesRegressor(n_jobs=-1, random_state=123)
2025-02-19 16:22:33,396:INFO:create_model() successfully completed......................................
2025-02-19 16:22:33,512:INFO:SubProcess create_model() end ==================================
2025-02-19 16:22:33,512:INFO:Creating metrics dataframe
2025-02-19 16:22:33,529:INFO:Initializing AdaBoost Regressor
2025-02-19 16:22:33,529:INFO:Total runtime is 0.27404685417811075 minutes
2025-02-19 16:22:33,529:INFO:SubProcess create_model() called ==================================
2025-02-19 16:22:33,529:INFO:Initializing create_model()
2025-02-19 16:22:33,529:INFO:create_model(self=<pycaret.regression.oop.RegressionExperiment object at 0x00000288994156D0>, estimator=ada, fold=KFold(n_splits=10, random_state=None, shuffle=False), round=4, cross_validation=True, predict=True, fit_kwargs={}, groups=None, refit=False, probability_threshold=None, experiment_custom_tags=None, verbose=False, system=False, add_to_model_list=True, metrics=None, display=<pycaret.internal.display.display.CommonDisplay object at 0x000002889C1C3F90>, model_only=True, return_train_score=False, error_score=0.0, kwargs={})
2025-02-19 16:22:33,529:INFO:Checking exceptions
2025-02-19 16:22:33,529:INFO:Importing libraries
2025-02-19 16:22:33,529:INFO:Copying training dataset
2025-02-19 16:22:33,529:INFO:Defining folds
2025-02-19 16:22:33,529:INFO:Declaring metric variables
2025-02-19 16:22:33,547:INFO:Importing untrained model
2025-02-19 16:22:33,549:INFO:AdaBoost Regressor Imported successfully
2025-02-19 16:22:33,555:INFO:Starting cross validation
2025-02-19 16:22:33,555:INFO:Cross validating with KFold(n_splits=10, random_state=None, shuffle=False), n_jobs=-1
2025-02-19 16:22:33,741:INFO:Calculating mean and std
2025-02-19 16:22:33,741:INFO:Creating metrics dataframe
2025-02-19 16:22:33,741:INFO:Uploading results into container
2025-02-19 16:22:33,745:INFO:Uploading model into container now
2025-02-19 16:22:33,745:INFO:_master_model_container: 15
2025-02-19 16:22:33,745:INFO:_display_container: 2
2025-02-19 16:22:33,745:INFO:AdaBoostRegressor(random_state=123)
2025-02-19 16:22:33,745:INFO:create_model() successfully completed......................................
2025-02-19 16:22:33,857:INFO:SubProcess create_model() end ==================================
2025-02-19 16:22:33,857:INFO:Creating metrics dataframe
2025-02-19 16:22:33,857:INFO:Initializing Gradient Boosting Regressor
2025-02-19 16:22:33,857:INFO:Total runtime is 0.2795190294583638 minutes
2025-02-19 16:22:33,873:INFO:SubProcess create_model() called ==================================
2025-02-19 16:22:33,873:INFO:Initializing create_model()
2025-02-19 16:22:33,873:INFO:create_model(self=<pycaret.regression.oop.RegressionExperiment object at 0x00000288994156D0>, estimator=gbr, fold=KFold(n_splits=10, random_state=None, shuffle=False), round=4, cross_validation=True, predict=True, fit_kwargs={}, groups=None, refit=False, probability_threshold=None, experiment_custom_tags=None, verbose=False, system=False, add_to_model_list=True, metrics=None, display=<pycaret.internal.display.display.CommonDisplay object at 0x000002889C1C3F90>, model_only=True, return_train_score=False, error_score=0.0, kwargs={})
2025-02-19 16:22:33,873:INFO:Checking exceptions
2025-02-19 16:22:33,873:INFO:Importing libraries
2025-02-19 16:22:33,873:INFO:Copying training dataset
2025-02-19 16:22:33,878:INFO:Defining folds
2025-02-19 16:22:33,879:INFO:Declaring metric variables
2025-02-19 16:22:33,883:INFO:Importing untrained model
2025-02-19 16:22:33,884:INFO:Gradient Boosting Regressor Imported successfully
2025-02-19 16:22:33,884:INFO:Starting cross validation
2025-02-19 16:22:33,884:INFO:Cross validating with KFold(n_splits=10, random_state=None, shuffle=False), n_jobs=-1
2025-02-19 16:22:34,053:INFO:Calculating mean and std
2025-02-19 16:22:34,054:INFO:Creating metrics dataframe
2025-02-19 16:22:34,056:INFO:Uploading results into container
2025-02-19 16:22:34,056:INFO:Uploading model into container now
2025-02-19 16:22:34,056:INFO:_master_model_container: 16
2025-02-19 16:22:34,056:INFO:_display_container: 2
2025-02-19 16:22:34,056:INFO:GradientBoostingRegressor(random_state=123)
2025-02-19 16:22:34,056:INFO:create_model() successfully completed......................................
2025-02-19 16:22:34,161:INFO:SubProcess create_model() end ==================================
2025-02-19 16:22:34,161:INFO:Creating metrics dataframe
2025-02-19 16:22:34,176:INFO:Initializing Light Gradient Boosting Machine
2025-02-19 16:22:34,176:INFO:Total runtime is 0.28483826319376626 minutes
2025-02-19 16:22:34,176:INFO:SubProcess create_model() called ==================================
2025-02-19 16:22:34,176:INFO:Initializing create_model()
2025-02-19 16:22:34,176:INFO:create_model(self=<pycaret.regression.oop.RegressionExperiment object at 0x00000288994156D0>, estimator=lightgbm, fold=KFold(n_splits=10, random_state=None, shuffle=False), round=4, cross_validation=True, predict=True, fit_kwargs={}, groups=None, refit=False, probability_threshold=None, experiment_custom_tags=None, verbose=False, system=False, add_to_model_list=True, metrics=None, display=<pycaret.internal.display.display.CommonDisplay object at 0x000002889C1C3F90>, model_only=True, return_train_score=False, error_score=0.0, kwargs={})
2025-02-19 16:22:34,176:INFO:Checking exceptions
2025-02-19 16:22:34,176:INFO:Importing libraries
2025-02-19 16:22:34,176:INFO:Copying training dataset
2025-02-19 16:22:34,176:INFO:Defining folds
2025-02-19 16:22:34,176:INFO:Declaring metric variables
2025-02-19 16:22:34,195:INFO:Importing untrained model
2025-02-19 16:22:34,197:INFO:Light Gradient Boosting Machine Imported successfully
2025-02-19 16:22:34,197:INFO:Starting cross validation
2025-02-19 16:22:34,197:INFO:Cross validating with KFold(n_splits=10, random_state=None, shuffle=False), n_jobs=-1
2025-02-19 16:22:34,632:INFO:Calculating mean and std
2025-02-19 16:22:34,632:INFO:Creating metrics dataframe
2025-02-19 16:22:34,632:INFO:Uploading results into container
2025-02-19 16:22:34,632:INFO:Uploading model into container now
2025-02-19 16:22:34,632:INFO:_master_model_container: 17
2025-02-19 16:22:34,632:INFO:_display_container: 2
2025-02-19 16:22:34,632:INFO:LGBMRegressor(n_jobs=-1, random_state=123)
2025-02-19 16:22:34,632:INFO:create_model() successfully completed......................................
2025-02-19 16:22:34,778:INFO:SubProcess create_model() end ==================================
2025-02-19 16:22:34,778:INFO:Creating metrics dataframe
2025-02-19 16:22:34,778:INFO:Initializing Dummy Regressor
2025-02-19 16:22:34,778:INFO:Total runtime is 0.29487555027008056 minutes
2025-02-19 16:22:34,795:INFO:SubProcess create_model() called ==================================
2025-02-19 16:22:34,795:INFO:Initializing create_model()
2025-02-19 16:22:34,795:INFO:create_model(self=<pycaret.regression.oop.RegressionExperiment object at 0x00000288994156D0>, estimator=dummy, fold=KFold(n_splits=10, random_state=None, shuffle=False), round=4, cross_validation=True, predict=True, fit_kwargs={}, groups=None, refit=False, probability_threshold=None, experiment_custom_tags=None, verbose=False, system=False, add_to_model_list=True, metrics=None, display=<pycaret.internal.display.display.CommonDisplay object at 0x000002889C1C3F90>, model_only=True, return_train_score=False, error_score=0.0, kwargs={})
2025-02-19 16:22:34,795:INFO:Checking exceptions
2025-02-19 16:22:34,795:INFO:Importing libraries
2025-02-19 16:22:34,795:INFO:Copying training dataset
2025-02-19 16:22:34,795:INFO:Defining folds
2025-02-19 16:22:34,795:INFO:Declaring metric variables
2025-02-19 16:22:34,795:INFO:Importing untrained model
2025-02-19 16:22:34,795:INFO:Dummy Regressor Imported successfully
2025-02-19 16:22:34,815:INFO:Starting cross validation
2025-02-19 16:22:34,815:INFO:Cross validating with KFold(n_splits=10, random_state=None, shuffle=False), n_jobs=-1
2025-02-19 16:22:34,899:INFO:Calculating mean and std
2025-02-19 16:22:34,899:INFO:Creating metrics dataframe
2025-02-19 16:22:34,899:INFO:Uploading results into container
2025-02-19 16:22:34,899:INFO:Uploading model into container now
2025-02-19 16:22:34,899:INFO:_master_model_container: 18
2025-02-19 16:22:34,899:INFO:_display_container: 2
2025-02-19 16:22:34,899:INFO:DummyRegressor()
2025-02-19 16:22:34,899:INFO:create_model() successfully completed......................................
2025-02-19 16:22:35,012:INFO:SubProcess create_model() end ==================================
2025-02-19 16:22:35,012:INFO:Creating metrics dataframe
2025-02-19 16:22:35,047:WARNING:C:\Users\Hammad Saleem\anaconda3\Lib\site-packages\pycaret\internal\pycaret_experiment\supervised_experiment.py:339: FutureWarning: Styler.applymap has been deprecated. Use Styler.map instead.
  .applymap(highlight_cols, subset=["TT (Sec)"])

2025-02-19 16:22:35,057:INFO:Initializing create_model()
2025-02-19 16:22:35,057:INFO:create_model(self=<pycaret.regression.oop.RegressionExperiment object at 0x00000288994156D0>, estimator=LGBMRegressor(n_jobs=-1, random_state=123), fold=KFold(n_splits=10, random_state=None, shuffle=False), round=4, cross_validation=False, predict=False, fit_kwargs={}, groups=None, refit=True, probability_threshold=None, experiment_custom_tags=None, verbose=False, system=False, add_to_model_list=True, metrics=None, display=None, model_only=True, return_train_score=False, error_score=0.0, kwargs={})
2025-02-19 16:22:35,057:INFO:Checking exceptions
2025-02-19 16:22:35,062:INFO:Importing libraries
2025-02-19 16:22:35,062:INFO:Copying training dataset
2025-02-19 16:22:35,065:INFO:Defining folds
2025-02-19 16:22:35,065:INFO:Declaring metric variables
2025-02-19 16:22:35,066:INFO:Importing untrained model
2025-02-19 16:22:35,066:INFO:Declaring custom model
2025-02-19 16:22:35,067:INFO:Light Gradient Boosting Machine Imported successfully
2025-02-19 16:22:35,068:INFO:Cross validation set to False
2025-02-19 16:22:35,068:INFO:Fitting Model
2025-02-19 16:22:35,086:INFO:[LightGBM] [Info] Auto-choosing col-wise multi-threading, the overhead of testing was 0.000055 seconds.
2025-02-19 16:22:35,086:INFO:You can set `force_col_wise=true` to remove the overhead.
2025-02-19 16:22:35,087:INFO:[LightGBM] [Info] Total Bins 86
2025-02-19 16:22:35,087:INFO:[LightGBM] [Info] Number of data points in the train set: 256, number of used features: 1
2025-02-19 16:22:35,087:INFO:[LightGBM] [Info] Start training from score 5147.511279
2025-02-19 16:22:35,088:INFO:[LightGBM] [Warning] No further splits with positive gain, best gain: -inf
2025-02-19 16:22:35,088:INFO:[LightGBM] [Warning] No further splits with positive gain, best gain: -inf
2025-02-19 16:22:35,088:INFO:[LightGBM] [Warning] No further splits with positive gain, best gain: -inf
2025-02-19 16:22:35,088:INFO:[LightGBM] [Warning] No further splits with positive gain, best gain: -inf
2025-02-19 16:22:35,089:INFO:[LightGBM] [Warning] No further splits with positive gain, best gain: -inf
2025-02-19 16:22:35,089:INFO:[LightGBM] [Warning] No further splits with positive gain, best gain: -inf
2025-02-19 16:22:35,089:INFO:[LightGBM] [Warning] No further splits with positive gain, best gain: -inf
2025-02-19 16:22:35,090:INFO:[LightGBM] [Warning] No further splits with positive gain, best gain: -inf
2025-02-19 16:22:35,090:INFO:[LightGBM] [Warning] No further splits with positive gain, best gain: -inf
2025-02-19 16:22:35,090:INFO:[LightGBM] [Warning] No further splits with positive gain, best gain: -inf
2025-02-19 16:22:35,090:INFO:[LightGBM] [Warning] No further splits with positive gain, best gain: -inf
2025-02-19 16:22:35,091:INFO:[LightGBM] [Warning] No further splits with positive gain, best gain: -inf
2025-02-19 16:22:35,091:INFO:[LightGBM] [Warning] No further splits with positive gain, best gain: -inf
2025-02-19 16:22:35,091:INFO:[LightGBM] [Warning] No further splits with positive gain, best gain: -inf
2025-02-19 16:22:35,092:INFO:[LightGBM] [Warning] No further splits with positive gain, best gain: -inf
2025-02-19 16:22:35,092:INFO:[LightGBM] [Warning] No further splits with positive gain, best gain: -inf
2025-02-19 16:22:35,092:INFO:[LightGBM] [Warning] No further splits with positive gain, best gain: -inf
2025-02-19 16:22:35,093:INFO:[LightGBM] [Warning] No further splits with positive gain, best gain: -inf
2025-02-19 16:22:35,093:INFO:[LightGBM] [Warning] No further splits with positive gain, best gain: -inf
2025-02-19 16:22:35,094:INFO:[LightGBM] [Warning] No further splits with positive gain, best gain: -inf
2025-02-19 16:22:35,094:INFO:[LightGBM] [Warning] No further splits with positive gain, best gain: -inf
2025-02-19 16:22:35,094:INFO:[LightGBM] [Warning] No further splits with positive gain, best gain: -inf
2025-02-19 16:22:35,094:INFO:[LightGBM] [Warning] No further splits with positive gain, best gain: -inf
2025-02-19 16:22:35,094:INFO:[LightGBM] [Warning] No further splits with positive gain, best gain: -inf
2025-02-19 16:22:35,094:INFO:[LightGBM] [Warning] No further splits with positive gain, best gain: -inf
2025-02-19 16:22:35,094:INFO:[LightGBM] [Warning] No further splits with positive gain, best gain: -inf
2025-02-19 16:22:35,094:INFO:[LightGBM] [Warning] No further splits with positive gain, best gain: -inf
2025-02-19 16:22:35,094:INFO:[LightGBM] [Warning] No further splits with positive gain, best gain: -inf
2025-02-19 16:22:35,094:INFO:[LightGBM] [Warning] No further splits with positive gain, best gain: -inf
2025-02-19 16:22:35,094:INFO:[LightGBM] [Warning] No further splits with positive gain, best gain: -inf
2025-02-19 16:22:35,094:INFO:[LightGBM] [Warning] No further splits with positive gain, best gain: -inf
2025-02-19 16:22:35,094:INFO:[LightGBM] [Warning] No further splits with positive gain, best gain: -inf
2025-02-19 16:22:35,094:INFO:[LightGBM] [Warning] No further splits with positive gain, best gain: -inf
2025-02-19 16:22:35,094:INFO:[LightGBM] [Warning] No further splits with positive gain, best gain: -inf
2025-02-19 16:22:35,094:INFO:[LightGBM] [Warning] No further splits with positive gain, best gain: -inf
2025-02-19 16:22:35,094:INFO:[LightGBM] [Warning] No further splits with positive gain, best gain: -inf
2025-02-19 16:22:35,094:INFO:[LightGBM] [Warning] No further splits with positive gain, best gain: -inf
2025-02-19 16:22:35,094:INFO:[LightGBM] [Warning] No further splits with positive gain, best gain: -inf
2025-02-19 16:22:35,094:INFO:[LightGBM] [Warning] No further splits with positive gain, best gain: -inf
2025-02-19 16:22:35,094:INFO:[LightGBM] [Warning] No further splits with positive gain, best gain: -inf
2025-02-19 16:22:35,094:INFO:[LightGBM] [Warning] No further splits with positive gain, best gain: -inf
2025-02-19 16:22:35,094:INFO:[LightGBM] [Warning] No further splits with positive gain, best gain: -inf
2025-02-19 16:22:35,094:INFO:[LightGBM] [Warning] No further splits with positive gain, best gain: -inf
2025-02-19 16:22:35,094:INFO:[LightGBM] [Warning] No further splits with positive gain, best gain: -inf
2025-02-19 16:22:35,094:INFO:[LightGBM] [Warning] No further splits with positive gain, best gain: -inf
2025-02-19 16:22:35,094:INFO:[LightGBM] [Warning] No further splits with positive gain, best gain: -inf
2025-02-19 16:22:35,094:INFO:[LightGBM] [Warning] No further splits with positive gain, best gain: -inf
2025-02-19 16:22:35,094:INFO:[LightGBM] [Warning] No further splits with positive gain, best gain: -inf
2025-02-19 16:22:35,094:INFO:[LightGBM] [Warning] No further splits with positive gain, best gain: -inf
2025-02-19 16:22:35,094:INFO:[LightGBM] [Warning] No further splits with positive gain, best gain: -inf
2025-02-19 16:22:35,094:INFO:[LightGBM] [Warning] No further splits with positive gain, best gain: -inf
2025-02-19 16:22:35,094:INFO:[LightGBM] [Warning] No further splits with positive gain, best gain: -inf
2025-02-19 16:22:35,094:INFO:[LightGBM] [Warning] No further splits with positive gain, best gain: -inf
2025-02-19 16:22:35,094:INFO:[LightGBM] [Warning] No further splits with positive gain, best gain: -inf
2025-02-19 16:22:35,094:INFO:[LightGBM] [Warning] No further splits with positive gain, best gain: -inf
2025-02-19 16:22:35,094:INFO:[LightGBM] [Warning] No further splits with positive gain, best gain: -inf
2025-02-19 16:22:35,094:INFO:[LightGBM] [Warning] No further splits with positive gain, best gain: -inf
2025-02-19 16:22:35,094:INFO:[LightGBM] [Warning] No further splits with positive gain, best gain: -inf
2025-02-19 16:22:35,094:INFO:[LightGBM] [Warning] No further splits with positive gain, best gain: -inf
2025-02-19 16:22:35,094:INFO:[LightGBM] [Warning] No further splits with positive gain, best gain: -inf
2025-02-19 16:22:35,094:INFO:[LightGBM] [Warning] No further splits with positive gain, best gain: -inf
2025-02-19 16:22:35,094:INFO:[LightGBM] [Warning] No further splits with positive gain, best gain: -inf
2025-02-19 16:22:35,094:INFO:[LightGBM] [Warning] No further splits with positive gain, best gain: -inf
2025-02-19 16:22:35,094:INFO:[LightGBM] [Warning] No further splits with positive gain, best gain: -inf
2025-02-19 16:22:35,094:INFO:[LightGBM] [Warning] No further splits with positive gain, best gain: -inf
2025-02-19 16:22:35,094:INFO:[LightGBM] [Warning] No further splits with positive gain, best gain: -inf
2025-02-19 16:22:35,094:INFO:[LightGBM] [Warning] No further splits with positive gain, best gain: -inf
2025-02-19 16:22:35,094:INFO:[LightGBM] [Warning] No further splits with positive gain, best gain: -inf
2025-02-19 16:22:35,094:INFO:[LightGBM] [Warning] No further splits with positive gain, best gain: -inf
2025-02-19 16:22:35,094:INFO:[LightGBM] [Warning] No further splits with positive gain, best gain: -inf
2025-02-19 16:22:35,094:INFO:[LightGBM] [Warning] No further splits with positive gain, best gain: -inf
2025-02-19 16:22:35,094:INFO:[LightGBM] [Warning] No further splits with positive gain, best gain: -inf
2025-02-19 16:22:35,110:INFO:[LightGBM] [Warning] No further splits with positive gain, best gain: -inf
2025-02-19 16:22:35,110:INFO:[LightGBM] [Warning] No further splits with positive gain, best gain: -inf
2025-02-19 16:22:35,110:INFO:[LightGBM] [Warning] No further splits with positive gain, best gain: -inf
2025-02-19 16:22:35,110:INFO:[LightGBM] [Warning] No further splits with positive gain, best gain: -inf
2025-02-19 16:22:35,110:INFO:[LightGBM] [Warning] No further splits with positive gain, best gain: -inf
2025-02-19 16:22:35,110:INFO:[LightGBM] [Warning] No further splits with positive gain, best gain: -inf
2025-02-19 16:22:35,110:INFO:[LightGBM] [Warning] No further splits with positive gain, best gain: -inf
2025-02-19 16:22:35,110:INFO:[LightGBM] [Warning] No further splits with positive gain, best gain: -inf
2025-02-19 16:22:35,110:INFO:[LightGBM] [Warning] No further splits with positive gain, best gain: -inf
2025-02-19 16:22:35,110:INFO:[LightGBM] [Warning] No further splits with positive gain, best gain: -inf
2025-02-19 16:22:35,110:INFO:[LightGBM] [Warning] No further splits with positive gain, best gain: -inf
2025-02-19 16:22:35,110:INFO:[LightGBM] [Warning] No further splits with positive gain, best gain: -inf
2025-02-19 16:22:35,110:INFO:[LightGBM] [Warning] No further splits with positive gain, best gain: -inf
2025-02-19 16:22:35,110:INFO:[LightGBM] [Warning] No further splits with positive gain, best gain: -inf
2025-02-19 16:22:35,110:INFO:[LightGBM] [Warning] No further splits with positive gain, best gain: -inf
2025-02-19 16:22:35,110:INFO:[LightGBM] [Warning] No further splits with positive gain, best gain: -inf
2025-02-19 16:22:35,110:INFO:[LightGBM] [Warning] No further splits with positive gain, best gain: -inf
2025-02-19 16:22:35,110:INFO:[LightGBM] [Warning] No further splits with positive gain, best gain: -inf
2025-02-19 16:22:35,110:INFO:[LightGBM] [Warning] No further splits with positive gain, best gain: -inf
2025-02-19 16:22:35,110:INFO:[LightGBM] [Warning] No further splits with positive gain, best gain: -inf
2025-02-19 16:22:35,110:INFO:[LightGBM] [Warning] No further splits with positive gain, best gain: -inf
2025-02-19 16:22:35,110:INFO:[LightGBM] [Warning] No further splits with positive gain, best gain: -inf
2025-02-19 16:22:35,110:INFO:[LightGBM] [Warning] No further splits with positive gain, best gain: -inf
2025-02-19 16:22:35,110:INFO:[LightGBM] [Warning] No further splits with positive gain, best gain: -inf
2025-02-19 16:22:35,110:INFO:[LightGBM] [Warning] No further splits with positive gain, best gain: -inf
2025-02-19 16:22:35,110:INFO:[LightGBM] [Warning] No further splits with positive gain, best gain: -inf
2025-02-19 16:22:35,110:INFO:[LightGBM] [Warning] No further splits with positive gain, best gain: -inf
2025-02-19 16:22:35,110:INFO:[LightGBM] [Warning] No further splits with positive gain, best gain: -inf
2025-02-19 16:22:35,110:INFO:LGBMRegressor(n_jobs=-1, random_state=123)
2025-02-19 16:22:35,110:INFO:create_model() successfully completed......................................
2025-02-19 16:22:35,297:INFO:_master_model_container: 18
2025-02-19 16:22:35,297:INFO:_display_container: 2
2025-02-19 16:22:35,311:INFO:LGBMRegressor(n_jobs=-1, random_state=123)
2025-02-19 16:22:35,311:INFO:compare_models() successfully completed......................................
2025-02-19 16:23:45,322:INFO:Initializing predict_model()
2025-02-19 16:23:45,322:INFO:predict_model(self=<pycaret.regression.oop.RegressionExperiment object at 0x00000288994156D0>, estimator=LGBMRegressor(n_jobs=-1, random_state=123), probability_threshold=None, encoded_labels=False, raw_score=False, round=4, verbose=True, ml_usecase=None, preprocess=True, encode_labels=<function _SupervisedExperiment.predict_model.<locals>.encode_labels at 0x00000288996436A0>)
2025-02-19 16:23:45,322:INFO:Checking exceptions
2025-02-19 16:23:45,322:INFO:Preloading libraries
2025-02-19 16:23:45,325:INFO:Set up data.
2025-02-19 16:23:45,329:INFO:Set up index.
2025-02-19 16:23:45,371:WARNING:C:\Users\Hammad Saleem\anaconda3\Lib\site-packages\sklearn\metrics\_regression.py:483: FutureWarning: 'squared' is deprecated in version 1.4 and will be removed in 1.6. To calculate the root mean squared error, use the function'root_mean_squared_error'.
  warnings.warn(

2025-02-19 16:24:18,625:INFO:Initializing predict_model()
2025-02-19 16:24:18,625:INFO:predict_model(self=<pycaret.regression.oop.RegressionExperiment object at 0x00000288994156D0>, estimator=LGBMRegressor(n_jobs=-1, random_state=123), probability_threshold=None, encoded_labels=False, raw_score=False, round=4, verbose=True, ml_usecase=None, preprocess=True, encode_labels=<function _SupervisedExperiment.predict_model.<locals>.encode_labels at 0x000002889D939E40>)
2025-02-19 16:24:18,625:INFO:Checking exceptions
2025-02-19 16:24:18,625:INFO:Preloading libraries
2025-02-19 16:24:34,969:INFO:Initializing predict_model()
2025-02-19 16:24:34,969:INFO:predict_model(self=<pycaret.regression.oop.RegressionExperiment object at 0x00000288994156D0>, estimator=LGBMRegressor(n_jobs=-1, random_state=123), probability_threshold=None, encoded_labels=False, raw_score=False, round=4, verbose=True, ml_usecase=None, preprocess=True, encode_labels=<function _SupervisedExperiment.predict_model.<locals>.encode_labels at 0x000002889D93AA20>)
2025-02-19 16:24:34,969:INFO:Checking exceptions
2025-02-19 16:24:34,969:INFO:Preloading libraries
2025-02-19 16:24:37,815:INFO:Initializing predict_model()
2025-02-19 16:24:37,815:INFO:predict_model(self=<pycaret.regression.oop.RegressionExperiment object at 0x00000288994156D0>, estimator=LGBMRegressor(n_jobs=-1, random_state=123), probability_threshold=None, encoded_labels=False, raw_score=False, round=4, verbose=True, ml_usecase=None, preprocess=True, encode_labels=<function _SupervisedExperiment.predict_model.<locals>.encode_labels at 0x000002889CFCC040>)
2025-02-19 16:24:37,816:INFO:Checking exceptions
2025-02-19 16:24:37,816:INFO:Preloading libraries
2025-02-19 16:24:50,586:INFO:Initializing predict_model()
2025-02-19 16:24:50,587:INFO:predict_model(self=<pycaret.regression.oop.RegressionExperiment object at 0x00000288994156D0>, estimator=LGBMRegressor(n_jobs=-1, random_state=123), probability_threshold=None, encoded_labels=False, raw_score=False, round=4, verbose=True, ml_usecase=None, preprocess=True, encode_labels=<function _SupervisedExperiment.predict_model.<locals>.encode_labels at 0x00000288A1504680>)
2025-02-19 16:24:50,587:INFO:Checking exceptions
2025-02-19 16:24:50,587:INFO:Preloading libraries
2025-02-19 16:24:50,589:INFO:Set up data.
2025-02-19 16:24:50,592:INFO:Set up index.
2025-02-19 16:24:50,622:WARNING:C:\Users\Hammad Saleem\anaconda3\Lib\site-packages\sklearn\metrics\_regression.py:483: FutureWarning: 'squared' is deprecated in version 1.4 and will be removed in 1.6. To calculate the root mean squared error, use the function'root_mean_squared_error'.
  warnings.warn(

2025-02-19 16:25:31,040:INFO:Initializing save_model()
2025-02-19 16:25:31,040:INFO:save_model(model=LGBMRegressor(n_jobs=-1, random_state=123), model_name=Light Gradient Boosting Machine, prep_pipe_=Pipeline(memory=FastMemory(location=C:\Users\HAMMAD~1\AppData\Local\Temp\joblib),
         steps=[('numerical_imputer',
                 TransformerWrapper(include=[], transformer=SimpleImputer())),
                ('categorical_imputer',
                 TransformerWrapper(include=['Date'],
                                    transformer=SimpleImputer(strategy='most_frequent'))),
                ('rest_encoding',
                 TransformerWrapper(include=['Date'],
                                    transformer=TargetEncoder(cols=['Date'],
                                                              handle_missing='return_nan')))]), verbose=True, use_case=MLUsecase.REGRESSION, kwargs={})
2025-02-19 16:25:31,040:INFO:Adding model into prep_pipe
2025-02-19 16:25:31,042:INFO:Light Gradient Boosting Machine.pkl saved in current working directory
2025-02-19 16:25:31,070:INFO:Pipeline(memory=Memory(location=None),
         steps=[('numerical_imputer',
                 TransformerWrapper(include=[], transformer=SimpleImputer())),
                ('categorical_imputer',
                 TransformerWrapper(include=['Date'],
                                    transformer=SimpleImputer(strategy='most_frequent'))),
                ('rest_encoding',
                 TransformerWrapper(include=['Date'],
                                    transformer=TargetEncoder(cols=['Date'],
                                                              handle_missing='return_nan'))),
                ('trained_model', LGBMRegressor(n_jobs=-1, random_state=123))])
2025-02-19 16:25:31,071:INFO:save_model() successfully completed......................................
